Equate elements:  no current cell.
Equate elements:  no current cell.

Subcircuit summary:
Circuit 1: inverter                        |Circuit 2: inverter                        
-------------------------------------------|-------------------------------------------
sky130_fd_pr__pfet_01v8 (1)                |sky130_fd_pr__pfet_01v8 (1)                
sky130_fd_pr__nfet_01v8 (1)                |sky130_fd_pr__nfet_01v8 (1)                
Number of devices: 2                       |Number of devices: 2                       
Number of nets: 4                          |Number of nets: 4                          
---------------------------------------------------------------------------------------
Circuits match uniquely.
Property errors were found.
Netlists match uniquely.
There were property errors.
sky130_fd_pr__nfet_01v81 vs. sky130_fd_pr__nfet_01v8M4:
 w circuit1: 1   circuit2: 2   (delta=66.7%, cutoff=1%)

Subcircuit pins:
Circuit 1: inverter                        |Circuit 2: inverter                        
-------------------------------------------|-------------------------------------------
Y                                          |Y                                          
A                                          |A                                          
VP                                         |VDD **Mismatch**                           
VN                                         |GND **Mismatch**                           
---------------------------------------------------------------------------------------
Cell pin lists are equivalent.
Device classes inverter and inverter are equivalent.

Subcircuit summary:
Circuit 1: nand2                           |Circuit 2: nand2                           
-------------------------------------------|-------------------------------------------
sky130_fd_pr__pfet_01v8 (2)                |sky130_fd_pr__pfet_01v8 (2)                
sky130_fd_pr__nfet_01v8 (2)                |sky130_fd_pr__nfet_01v8 (2)                
Number of devices: 4                       |Number of devices: 4                       
Number of nets: 6                          |Number of nets: 6                          
---------------------------------------------------------------------------------------
Circuits match uniquely.
Netlists match uniquely.

Subcircuit pins:
Circuit 1: nand2                           |Circuit 2: nand2                           
-------------------------------------------|-------------------------------------------
Y                                          |Y                                          
VN                                         |GND **Mismatch**                           
A                                          |A                                          
B                                          |B                                          
VP                                         |VDD **Mismatch**                           
---------------------------------------------------------------------------------------
Cell pin lists are equivalent.
Device classes nand2 and nand2 are equivalent.

Subcircuit summary:
Circuit 1: and2.spice                      |Circuit 2: and2_LDS_xschem.spice           
-------------------------------------------|-------------------------------------------
inverter (1)                               |inverter (1)                               
nand2 (1)                                  |nand2 (1)                                  
Number of devices: 2                       |Number of devices: 2                       
Number of nets: 6                          |Number of nets: 6                          
---------------------------------------------------------------------------------------
Circuits match uniquely.
Netlists match uniquely.
Cells have no pins;  pin matching not needed.
Device classes and2.spice and and2_LDS_xschem.spice are equivalent.
Circuits match uniquely.
The following cells had property errors: inverter
