
Subcircuit summary:
Circuit 1: nand2                           |Circuit 2: nand2                           
-------------------------------------------|-------------------------------------------
sky130_fd_pr__pfet_01v8 (2)                |sky130_fd_pr__pfet_01v8 (2)                
sky130_fd_pr__nfet_01v8 (2)                |sky130_fd_pr__nfet_01v8 (2)                
Number of devices: 4                       |Number of devices: 4                       
Number of nets: 6                          |Number of nets: 6                          
---------------------------------------------------------------------------------------
Circuits match uniquely.
Property errors were found.
Netlists match uniquely.
There were property errors.
sky130_fd_pr__nfet_01v84 vs. sky130_fd_pr__nfet_01v82:
Property mult in circuit1 has no matching property in circuit2
sky130_fd_pr__nfet_01v84 vs. sky130_fd_pr__nfet_01v82:
Property sd in circuit1 has no matching property in circuit2
sky130_fd_pr__nfet_01v84 vs. sky130_fd_pr__nfet_01v82:
Property sb in circuit1 has no matching property in circuit2
sky130_fd_pr__nfet_01v84 vs. sky130_fd_pr__nfet_01v82:
Property sa in circuit1 has no matching property in circuit2
sky130_fd_pr__nfet_01v84 vs. sky130_fd_pr__nfet_01v82:
Property nrs in circuit1 has no matching property in circuit2
sky130_fd_pr__nfet_01v84 vs. sky130_fd_pr__nfet_01v82:
Property nrd in circuit1 has no matching property in circuit2
sky130_fd_pr__nfet_01v84 vs. sky130_fd_pr__nfet_01v82:
Property nf in circuit1 has no matching property in circuit2
sky130_fd_pr__nfet_01v83 vs. sky130_fd_pr__nfet_01v81:
Property mult in circuit1 has no matching property in circuit2
sky130_fd_pr__nfet_01v83 vs. sky130_fd_pr__nfet_01v81:
Property sd in circuit1 has no matching property in circuit2
sky130_fd_pr__nfet_01v83 vs. sky130_fd_pr__nfet_01v81:
Property sb in circuit1 has no matching property in circuit2
sky130_fd_pr__nfet_01v83 vs. sky130_fd_pr__nfet_01v81:
Property sa in circuit1 has no matching property in circuit2
sky130_fd_pr__nfet_01v83 vs. sky130_fd_pr__nfet_01v81:
Property nrs in circuit1 has no matching property in circuit2
sky130_fd_pr__nfet_01v83 vs. sky130_fd_pr__nfet_01v81:
Property nrd in circuit1 has no matching property in circuit2
sky130_fd_pr__nfet_01v83 vs. sky130_fd_pr__nfet_01v81:
Property nf in circuit1 has no matching property in circuit2
sky130_fd_pr__pfet_01v81 vs. sky130_fd_pr__pfet_01v80:
Property mult in circuit1 has no matching property in circuit2
sky130_fd_pr__pfet_01v81 vs. sky130_fd_pr__pfet_01v80:
Property sd in circuit1 has no matching property in circuit2
sky130_fd_pr__pfet_01v81 vs. sky130_fd_pr__pfet_01v80:
Property sb in circuit1 has no matching property in circuit2
sky130_fd_pr__pfet_01v81 vs. sky130_fd_pr__pfet_01v80:
Property sa in circuit1 has no matching property in circuit2
sky130_fd_pr__pfet_01v81 vs. sky130_fd_pr__pfet_01v80:
Property nrs in circuit1 has no matching property in circuit2
sky130_fd_pr__pfet_01v81 vs. sky130_fd_pr__pfet_01v80:
Property nrd in circuit1 has no matching property in circuit2
sky130_fd_pr__pfet_01v81 vs. sky130_fd_pr__pfet_01v80:
Property nf in circuit1 has no matching property in circuit2
sky130_fd_pr__pfet_01v82 vs. sky130_fd_pr__pfet_01v83:
Property mult in circuit1 has no matching property in circuit2
sky130_fd_pr__pfet_01v82 vs. sky130_fd_pr__pfet_01v83:
Property sd in circuit1 has no matching property in circuit2
sky130_fd_pr__pfet_01v82 vs. sky130_fd_pr__pfet_01v83:
Property sb in circuit1 has no matching property in circuit2
sky130_fd_pr__pfet_01v82 vs. sky130_fd_pr__pfet_01v83:
Property sa in circuit1 has no matching property in circuit2
sky130_fd_pr__pfet_01v82 vs. sky130_fd_pr__pfet_01v83:
Property nrs in circuit1 has no matching property in circuit2
sky130_fd_pr__pfet_01v82 vs. sky130_fd_pr__pfet_01v83:
Property nrd in circuit1 has no matching property in circuit2
sky130_fd_pr__pfet_01v82 vs. sky130_fd_pr__pfet_01v83:
Property nf in circuit1 has no matching property in circuit2

Subcircuit pins:
Circuit 1: nand2                           |Circuit 2: nand2                           
-------------------------------------------|-------------------------------------------
VP                                         |VP                                         
B                                          |B                                          
A                                          |A                                          
Y                                          |Y                                          
VN                                         |VN                                         
---------------------------------------------------------------------------------------
Cell pin lists are equivalent.
Device classes nand2 and nand2 are equivalent.

Subcircuit summary:
Circuit 1: inverter                        |Circuit 2: inverter                        
-------------------------------------------|-------------------------------------------
sky130_fd_pr__pfet_01v8 (1)                |sky130_fd_pr__pfet_01v8 (1)                
sky130_fd_pr__nfet_01v8 (1)                |sky130_fd_pr__nfet_01v8 (1)                
Number of devices: 2                       |Number of devices: 2                       
Number of nets: 4                          |Number of nets: 4                          
---------------------------------------------------------------------------------------
Circuits match uniquely.
Property errors were found.
Netlists match uniquely.
There were property errors.
sky130_fd_pr__nfet_01v8M2 vs. sky130_fd_pr__nfet_01v80:
Property mult in circuit1 has no matching property in circuit2
sky130_fd_pr__nfet_01v8M2 vs. sky130_fd_pr__nfet_01v80:
Property sd in circuit1 has no matching property in circuit2
sky130_fd_pr__nfet_01v8M2 vs. sky130_fd_pr__nfet_01v80:
Property sb in circuit1 has no matching property in circuit2
sky130_fd_pr__nfet_01v8M2 vs. sky130_fd_pr__nfet_01v80:
Property sa in circuit1 has no matching property in circuit2
sky130_fd_pr__nfet_01v8M2 vs. sky130_fd_pr__nfet_01v80:
Property nrs in circuit1 has no matching property in circuit2
sky130_fd_pr__nfet_01v8M2 vs. sky130_fd_pr__nfet_01v80:
Property nrd in circuit1 has no matching property in circuit2
sky130_fd_pr__nfet_01v8M2 vs. sky130_fd_pr__nfet_01v80:
Property nf in circuit1 has no matching property in circuit2
sky130_fd_pr__pfet_01v8M1 vs. sky130_fd_pr__pfet_01v81:
Property mult in circuit1 has no matching property in circuit2
sky130_fd_pr__pfet_01v8M1 vs. sky130_fd_pr__pfet_01v81:
Property sd in circuit1 has no matching property in circuit2
sky130_fd_pr__pfet_01v8M1 vs. sky130_fd_pr__pfet_01v81:
Property sb in circuit1 has no matching property in circuit2
sky130_fd_pr__pfet_01v8M1 vs. sky130_fd_pr__pfet_01v81:
Property sa in circuit1 has no matching property in circuit2
sky130_fd_pr__pfet_01v8M1 vs. sky130_fd_pr__pfet_01v81:
Property nrs in circuit1 has no matching property in circuit2
sky130_fd_pr__pfet_01v8M1 vs. sky130_fd_pr__pfet_01v81:
Property nrd in circuit1 has no matching property in circuit2
sky130_fd_pr__pfet_01v8M1 vs. sky130_fd_pr__pfet_01v81:
Property nf in circuit1 has no matching property in circuit2

Subcircuit pins:
Circuit 1: inverter                        |Circuit 2: inverter                        
-------------------------------------------|-------------------------------------------
Y                                          |Y                                          
A                                          |A                                          
VN                                         |VN                                         
VP                                         |VP                                         
---------------------------------------------------------------------------------------
Cell pin lists are equivalent.
Device classes inverter and inverter are equivalent.

Subcircuit summary:
Circuit 1: and2_xschem.spice               |Circuit 2: and2.spice                      
-------------------------------------------|-------------------------------------------
nand2 (1)                                  |nand2 (1)                                  
inverter (1)                               |inverter (1)                               
Number of devices: 2                       |Number of devices: 2                       
Number of nets: 6                          |Number of nets: 6                          
---------------------------------------------------------------------------------------
Circuits match uniquely.
Netlists match uniquely.
Cells have no pins;  pin matching not needed.
Device classes and2_xschem.spice and and2.spice are equivalent.
Circuits match uniquely.
The following cells had property errors: nand2 inverter
