
Subcircuit summary:
Circuit 1: and2_LDS_xschem.spice           |Circuit 2: and2.spice                      
-------------------------------------------|-------------------------------------------
sky130_fd_pr__pfet_01v8 (3)                |sky130_fd_pr__pfet_01v8 (3)                
sky130_fd_pr__nfet_01v8 (3)                |sky130_fd_pr__nfet_01v8 (3)                
Number of devices: 6                       |Number of devices: 6                       
Number of nets: 7                          |Number of nets: 7                          
---------------------------------------------------------------------------------------
Circuits match uniquely.
Property errors were found.
Netlists match uniquely.
There were property errors.
inverter2/sky130_fd_pr__nfet_01v8M4 vs. inverter_0/sky130_fd_pr__nfet_01v81:
Property mult in circuit1 has no matching property in circuit2
inverter2/sky130_fd_pr__nfet_01v8M4 vs. inverter_0/sky130_fd_pr__nfet_01v81:
Property sd in circuit1 has no matching property in circuit2
inverter2/sky130_fd_pr__nfet_01v8M4 vs. inverter_0/sky130_fd_pr__nfet_01v81:
Property sb in circuit1 has no matching property in circuit2
inverter2/sky130_fd_pr__nfet_01v8M4 vs. inverter_0/sky130_fd_pr__nfet_01v81:
Property sa in circuit1 has no matching property in circuit2
inverter2/sky130_fd_pr__nfet_01v8M4 vs. inverter_0/sky130_fd_pr__nfet_01v81:
Property nrs in circuit1 has no matching property in circuit2
inverter2/sky130_fd_pr__nfet_01v8M4 vs. inverter_0/sky130_fd_pr__nfet_01v81:
Property nrd in circuit1 has no matching property in circuit2
 ps circuit1: (unresolved expression)   "3"  (property type mismatch)
 pd circuit1: (unresolved expression)   "3"  (property type mismatch)
 as circuit1: (unresolved expression)   "0.5"  (property type mismatch)
 ad circuit1: (unresolved expression)   "0.5"  (property type mismatch)
inverter2/sky130_fd_pr__nfet_01v8M4 vs. inverter_0/sky130_fd_pr__nfet_01v81:
Property nf in circuit1 has no matching property in circuit2
 W circuit1: 2   circuit2: 1   (delta=66.7%, cutoff=0%)
nand21/sky130_fd_pr__nfet_01v8M8 vs. nand2_0/sky130_fd_pr__nfet_01v81:
Property mult in circuit1 has no matching property in circuit2
nand21/sky130_fd_pr__nfet_01v8M8 vs. nand2_0/sky130_fd_pr__nfet_01v81:
Property sd in circuit1 has no matching property in circuit2
nand21/sky130_fd_pr__nfet_01v8M8 vs. nand2_0/sky130_fd_pr__nfet_01v81:
Property sb in circuit1 has no matching property in circuit2
nand21/sky130_fd_pr__nfet_01v8M8 vs. nand2_0/sky130_fd_pr__nfet_01v81:
Property sa in circuit1 has no matching property in circuit2
nand21/sky130_fd_pr__nfet_01v8M8 vs. nand2_0/sky130_fd_pr__nfet_01v81:
Property nrs in circuit1 has no matching property in circuit2
nand21/sky130_fd_pr__nfet_01v8M8 vs. nand2_0/sky130_fd_pr__nfet_01v81:
Property nrd in circuit1 has no matching property in circuit2
 ps circuit1: (unresolved expression)   "4.5"  (property type mismatch)
 pd circuit1: (unresolved expression)   "5"  (property type mismatch)
 as circuit1: (unresolved expression)   "0.5"  (property type mismatch)
 ad circuit1: (unresolved expression)   "1"  (property type mismatch)
nand21/sky130_fd_pr__nfet_01v8M8 vs. nand2_0/sky130_fd_pr__nfet_01v81:
Property nf in circuit1 has no matching property in circuit2
nand21/sky130_fd_pr__nfet_01v8M7 vs. nand2_0/sky130_fd_pr__nfet_01v82:
Property mult in circuit1 has no matching property in circuit2
nand21/sky130_fd_pr__nfet_01v8M7 vs. nand2_0/sky130_fd_pr__nfet_01v82:
Property sd in circuit1 has no matching property in circuit2
nand21/sky130_fd_pr__nfet_01v8M7 vs. nand2_0/sky130_fd_pr__nfet_01v82:
Property sb in circuit1 has no matching property in circuit2
nand21/sky130_fd_pr__nfet_01v8M7 vs. nand2_0/sky130_fd_pr__nfet_01v82:
Property sa in circuit1 has no matching property in circuit2
nand21/sky130_fd_pr__nfet_01v8M7 vs. nand2_0/sky130_fd_pr__nfet_01v82:
Property nrs in circuit1 has no matching property in circuit2
nand21/sky130_fd_pr__nfet_01v8M7 vs. nand2_0/sky130_fd_pr__nfet_01v82:
Property nrd in circuit1 has no matching property in circuit2
 ps circuit1: (unresolved expression)   "5"  (property type mismatch)
 pd circuit1: (unresolved expression)   "0"  (property type mismatch)
 as circuit1: (unresolved expression)   "1"  (property type mismatch)
 ad circuit1: (unresolved expression)   "0"  (property type mismatch)
nand21/sky130_fd_pr__nfet_01v8M7 vs. nand2_0/sky130_fd_pr__nfet_01v82:
Property nf in circuit1 has no matching property in circuit2
inverter2/sky130_fd_pr__pfet_01v8M3 vs. inverter_0/sky130_fd_pr__pfet_01v80:
Property mult in circuit1 has no matching property in circuit2
inverter2/sky130_fd_pr__pfet_01v8M3 vs. inverter_0/sky130_fd_pr__pfet_01v80:
Property sd in circuit1 has no matching property in circuit2
inverter2/sky130_fd_pr__pfet_01v8M3 vs. inverter_0/sky130_fd_pr__pfet_01v80:
Property sb in circuit1 has no matching property in circuit2
inverter2/sky130_fd_pr__pfet_01v8M3 vs. inverter_0/sky130_fd_pr__pfet_01v80:
Property sa in circuit1 has no matching property in circuit2
inverter2/sky130_fd_pr__pfet_01v8M3 vs. inverter_0/sky130_fd_pr__pfet_01v80:
Property nrs in circuit1 has no matching property in circuit2
inverter2/sky130_fd_pr__pfet_01v8M3 vs. inverter_0/sky130_fd_pr__pfet_01v80:
Property nrd in circuit1 has no matching property in circuit2
 ps circuit1: (unresolved expression)   "5"  (property type mismatch)
 pd circuit1: (unresolved expression)   "5"  (property type mismatch)
 as circuit1: (unresolved expression)   "1"  (property type mismatch)
 ad circuit1: (unresolved expression)   "1"  (property type mismatch)
inverter2/sky130_fd_pr__pfet_01v8M3 vs. inverter_0/sky130_fd_pr__pfet_01v80:
Property nf in circuit1 has no matching property in circuit2
nand21/sky130_fd_pr__pfet_01v8M6 vs. nand2_0/sky130_fd_pr__pfet_01v80:
Property mult in circuit1 has no matching property in circuit2
nand21/sky130_fd_pr__pfet_01v8M6 vs. nand2_0/sky130_fd_pr__pfet_01v80:
Property sd in circuit1 has no matching property in circuit2
nand21/sky130_fd_pr__pfet_01v8M6 vs. nand2_0/sky130_fd_pr__pfet_01v80:
Property sb in circuit1 has no matching property in circuit2
nand21/sky130_fd_pr__pfet_01v8M6 vs. nand2_0/sky130_fd_pr__pfet_01v80:
Property sa in circuit1 has no matching property in circuit2
nand21/sky130_fd_pr__pfet_01v8M6 vs. nand2_0/sky130_fd_pr__pfet_01v80:
Property nrs in circuit1 has no matching property in circuit2
nand21/sky130_fd_pr__pfet_01v8M6 vs. nand2_0/sky130_fd_pr__pfet_01v80:
Property nrd in circuit1 has no matching property in circuit2
 ps circuit1: (unresolved expression)   "5"  (property type mismatch)
 pd circuit1: (unresolved expression)   "10"  (property type mismatch)
 as circuit1: (unresolved expression)   "1"  (property type mismatch)
 ad circuit1: (unresolved expression)   "2"  (property type mismatch)
nand21/sky130_fd_pr__pfet_01v8M6 vs. nand2_0/sky130_fd_pr__pfet_01v80:
Property nf in circuit1 has no matching property in circuit2
nand21/sky130_fd_pr__pfet_01v8M5 vs. nand2_0/sky130_fd_pr__pfet_01v83:
Property mult in circuit1 has no matching property in circuit2
nand21/sky130_fd_pr__pfet_01v8M5 vs. nand2_0/sky130_fd_pr__pfet_01v83:
Property sd in circuit1 has no matching property in circuit2
nand21/sky130_fd_pr__pfet_01v8M5 vs. nand2_0/sky130_fd_pr__pfet_01v83:
Property sb in circuit1 has no matching property in circuit2
nand21/sky130_fd_pr__pfet_01v8M5 vs. nand2_0/sky130_fd_pr__pfet_01v83:
Property sa in circuit1 has no matching property in circuit2
nand21/sky130_fd_pr__pfet_01v8M5 vs. nand2_0/sky130_fd_pr__pfet_01v83:
Property nrs in circuit1 has no matching property in circuit2
nand21/sky130_fd_pr__pfet_01v8M5 vs. nand2_0/sky130_fd_pr__pfet_01v83:
Property nrd in circuit1 has no matching property in circuit2
 ps circuit1: (unresolved expression)   "0"  (property type mismatch)
 pd circuit1: (unresolved expression)   "0"  (property type mismatch)
 as circuit1: (unresolved expression)   "0"  (property type mismatch)
 ad circuit1: (unresolved expression)   "0"  (property type mismatch)
nand21/sky130_fd_pr__pfet_01v8M5 vs. nand2_0/sky130_fd_pr__pfet_01v83:
Property nf in circuit1 has no matching property in circuit2
Cells have no pins;  pin matching not needed.
Device classes and2_LDS_xschem.spice and and2.spice are equivalent.
Circuits match uniquely.
Property errors were found.
The following cells had property errors: and2_LDS_xschem.spice
